2017-08-08 16:59:55.659  INFO 27940 --- [main] c.j.manual.SpringBootRedisApplication    : Starting SpringBootRedisApplication on IALVL7WUZ03NKVO with PID 27940 (D:\IdeaProjects\SpringBoot-All\redis\target\classes started by Administrator in D:\IdeaProjects\SpringBoot-All)
2017-08-08 16:59:55.675  INFO 27940 --- [main] c.j.manual.SpringBootRedisApplication    : No active profile set, falling back to default profiles: default
2017-08-08 16:59:55.872  INFO 27940 --- [main] ationConfigEmbeddedWebApplicationContext : Refreshing org.springframework.boot.context.embedded.AnnotationConfigEmbeddedWebApplicationContext@1627d13: startup date [Tue Aug 08 16:59:55 CST 2017]; root of context hierarchy
2017-08-08 16:59:57.902  INFO 27940 --- [main] .s.d.r.c.RepositoryConfigurationDelegate : Multiple Spring Data modules found, entering strict repository configuration mode!
2017-08-08 17:00:00.259  INFO 27940 --- [main] s.b.c.e.t.TomcatEmbeddedServletContainer : Tomcat initialized with port(s): 8890 (http)
2017-08-08 17:00:00.289  INFO 27940 --- [main] o.apache.catalina.core.StandardService   : Starting service [Tomcat]
2017-08-08 17:00:00.292  INFO 27940 --- [main] org.apache.catalina.core.StandardEngine  : Starting Servlet Engine: Apache Tomcat/8.5.16
2017-08-08 17:00:00.648  INFO 27940 --- [localhost-startStop-1] o.a.c.c.C.[Tomcat].[localhost].[/]       : Initializing Spring embedded WebApplicationContext
2017-08-08 17:00:00.649  INFO 27940 --- [localhost-startStop-1] o.s.web.context.ContextLoader            : Root WebApplicationContext: initialization completed in 4785 ms
2017-08-08 17:00:01.097  INFO 27940 --- [localhost-startStop-1] o.s.b.w.servlet.ServletRegistrationBean  : Mapping servlet: 'dispatcherServlet' to [/]
2017-08-08 17:00:01.108  INFO 27940 --- [localhost-startStop-1] o.s.b.w.servlet.FilterRegistrationBean   : Mapping filter: 'characterEncodingFilter' to: [/*]
2017-08-08 17:00:01.109  INFO 27940 --- [localhost-startStop-1] o.s.b.w.servlet.FilterRegistrationBean   : Mapping filter: 'hiddenHttpMethodFilter' to: [/*]
2017-08-08 17:00:01.110  INFO 27940 --- [localhost-startStop-1] o.s.b.w.servlet.FilterRegistrationBean   : Mapping filter: 'httpPutFormContentFilter' to: [/*]
2017-08-08 17:00:01.110  INFO 27940 --- [localhost-startStop-1] o.s.b.w.servlet.FilterRegistrationBean   : Mapping filter: 'requestContextFilter' to: [/*]
2017-08-08 17:00:02.216  INFO 27940 --- [main] s.w.s.m.m.a.RequestMappingHandlerAdapter : Looking for @ControllerAdvice: org.springframework.boot.context.embedded.AnnotationConfigEmbeddedWebApplicationContext@1627d13: startup date [Tue Aug 08 16:59:55 CST 2017]; root of context hierarchy
2017-08-08 17:00:02.427  INFO 27940 --- [main] s.w.s.m.m.a.RequestMappingHandlerMapping : Mapped "{[/error]}" onto public org.springframework.http.ResponseEntity<java.util.Map<java.lang.String, java.lang.Object>> org.springframework.boot.autoconfigure.web.BasicErrorController.error(javax.servlet.http.HttpServletRequest)
2017-08-08 17:00:02.429  INFO 27940 --- [main] s.w.s.m.m.a.RequestMappingHandlerMapping : Mapped "{[/error],produces=[text/html]}" onto public org.springframework.web.servlet.ModelAndView org.springframework.boot.autoconfigure.web.BasicErrorController.errorHtml(javax.servlet.http.HttpServletRequest,javax.servlet.http.HttpServletResponse)
2017-08-08 17:00:02.526  INFO 27940 --- [main] o.s.w.s.handler.SimpleUrlHandlerMapping  : Mapped URL path [/webjars/**] onto handler of type [class org.springframework.web.servlet.resource.ResourceHttpRequestHandler]
2017-08-08 17:00:02.526  INFO 27940 --- [main] o.s.w.s.handler.SimpleUrlHandlerMapping  : Mapped URL path [/**] onto handler of type [class org.springframework.web.servlet.resource.ResourceHttpRequestHandler]
2017-08-08 17:00:02.632  INFO 27940 --- [main] o.s.w.s.handler.SimpleUrlHandlerMapping  : Mapped URL path [/**/favicon.ico] onto handler of type [class org.springframework.web.servlet.resource.ResourceHttpRequestHandler]
2017-08-08 17:00:03.773  INFO 27940 --- [main] o.s.j.e.a.AnnotationMBeanExporter        : Registering beans for JMX exposure on startup
2017-08-08 17:00:03.934  INFO 27940 --- [main] s.b.c.e.t.TomcatEmbeddedServletContainer : Tomcat started on port(s): 8890 (http)
2017-08-08 17:00:03.943  INFO 27940 --- [main] c.j.manual.SpringBootRedisApplication    : Started SpringBootRedisApplication in 9.589 seconds (JVM running for 10.972)
2017-08-08 17:00:03.945  INFO 27940 --- [main] c.j.manual.SpringBootRedisApplication    : Access URLs:
----------------------------------------------------------
	Local: 		 http://127.0.0.1:8890 
	External: 	 http://192.168.0.103:8890 
----------------------------------------------------------
2017-08-08 17:37:19.787  INFO 32120 --- [main] c.j.manual.SpringBootRedisApplication    : Starting SpringBootRedisApplication on IALVL7WUZ03NKVO with PID 32120 (D:\IdeaProjects\SpringBoot-All\redis\target\classes started by Administrator in D:\IdeaProjects\SpringBoot-All)
2017-08-08 17:37:19.862  INFO 32120 --- [main] c.j.manual.SpringBootRedisApplication    : No active profile set, falling back to default profiles: default
2017-08-08 17:37:20.181  INFO 32120 --- [main] ationConfigEmbeddedWebApplicationContext : Refreshing org.springframework.boot.context.embedded.AnnotationConfigEmbeddedWebApplicationContext@24a577: startup date [Tue Aug 08 17:37:20 CST 2017]; root of context hierarchy
2017-08-08 17:37:22.349  INFO 32120 --- [main] .s.d.r.c.RepositoryConfigurationDelegate : Multiple Spring Data modules found, entering strict repository configuration mode!
2017-08-08 17:37:25.348  INFO 32120 --- [main] s.b.c.e.t.TomcatEmbeddedServletContainer : Tomcat initialized with port(s): 8890 (http)
2017-08-08 17:37:25.387  INFO 32120 --- [main] o.apache.catalina.core.StandardService   : Starting service [Tomcat]
2017-08-08 17:37:25.392  INFO 32120 --- [main] org.apache.catalina.core.StandardEngine  : Starting Servlet Engine: Apache Tomcat/8.5.16
2017-08-08 17:37:25.753  INFO 32120 --- [localhost-startStop-1] o.a.c.c.C.[Tomcat].[localhost].[/]       : Initializing Spring embedded WebApplicationContext
2017-08-08 17:37:25.754  INFO 32120 --- [localhost-startStop-1] o.s.web.context.ContextLoader            : Root WebApplicationContext: initialization completed in 5582 ms
2017-08-08 17:37:26.259  INFO 32120 --- [localhost-startStop-1] o.s.b.w.servlet.ServletRegistrationBean  : Mapping servlet: 'dispatcherServlet' to [/]
2017-08-08 17:37:26.269  INFO 32120 --- [localhost-startStop-1] o.s.b.w.servlet.FilterRegistrationBean   : Mapping filter: 'characterEncodingFilter' to: [/*]
2017-08-08 17:37:26.272  INFO 32120 --- [localhost-startStop-1] o.s.b.w.servlet.FilterRegistrationBean   : Mapping filter: 'hiddenHttpMethodFilter' to: [/*]
2017-08-08 17:37:26.274  INFO 32120 --- [localhost-startStop-1] o.s.b.w.servlet.FilterRegistrationBean   : Mapping filter: 'httpPutFormContentFilter' to: [/*]
2017-08-08 17:37:26.275  INFO 32120 --- [localhost-startStop-1] o.s.b.w.servlet.FilterRegistrationBean   : Mapping filter: 'requestContextFilter' to: [/*]
2017-08-08 17:37:27.663  INFO 32120 --- [main] s.w.s.m.m.a.RequestMappingHandlerAdapter : Looking for @ControllerAdvice: org.springframework.boot.context.embedded.AnnotationConfigEmbeddedWebApplicationContext@24a577: startup date [Tue Aug 08 17:37:20 CST 2017]; root of context hierarchy
2017-08-08 17:37:27.959  INFO 32120 --- [main] s.w.s.m.m.a.RequestMappingHandlerMapping : Mapped "{[/error]}" onto public org.springframework.http.ResponseEntity<java.util.Map<java.lang.String, java.lang.Object>> org.springframework.boot.autoconfigure.web.BasicErrorController.error(javax.servlet.http.HttpServletRequest)
2017-08-08 17:37:27.962  INFO 32120 --- [main] s.w.s.m.m.a.RequestMappingHandlerMapping : Mapped "{[/error],produces=[text/html]}" onto public org.springframework.web.servlet.ModelAndView org.springframework.boot.autoconfigure.web.BasicErrorController.errorHtml(javax.servlet.http.HttpServletRequest,javax.servlet.http.HttpServletResponse)
2017-08-08 17:37:28.053  INFO 32120 --- [main] o.s.w.s.handler.SimpleUrlHandlerMapping  : Mapped URL path [/webjars/**] onto handler of type [class org.springframework.web.servlet.resource.ResourceHttpRequestHandler]
2017-08-08 17:37:28.054  INFO 32120 --- [main] o.s.w.s.handler.SimpleUrlHandlerMapping  : Mapped URL path [/**] onto handler of type [class org.springframework.web.servlet.resource.ResourceHttpRequestHandler]
2017-08-08 17:37:28.204  INFO 32120 --- [main] o.s.w.s.handler.SimpleUrlHandlerMapping  : Mapped URL path [/**/favicon.ico] onto handler of type [class org.springframework.web.servlet.resource.ResourceHttpRequestHandler]
2017-08-08 17:37:30.100  INFO 32120 --- [main] o.s.j.e.a.AnnotationMBeanExporter        : Registering beans for JMX exposure on startup
2017-08-08 17:37:30.407  INFO 32120 --- [main] s.b.c.e.t.TomcatEmbeddedServletContainer : Tomcat started on port(s): 8890 (http)
2017-08-08 17:37:30.425  INFO 32120 --- [main] c.j.manual.SpringBootRedisApplication    : Started SpringBootRedisApplication in 12.199 seconds (JVM running for 13.693)
2017-08-08 17:37:30.426  INFO 32120 --- [main] c.j.manual.SpringBootRedisApplication    : Access URLs:
----------------------------------------------------------
	Local: 		 http://127.0.0.1:8890 
	External: 	 http://192.168.0.103:8890 
----------------------------------------------------------
2017-08-08 17:39:04.953  INFO 30800 --- [main] c.j.manual.SpringBootRedisApplication    : Starting SpringBootRedisApplication on IALVL7WUZ03NKVO with PID 30800 (D:\IdeaProjects\SpringBoot-All\redis\target\classes started by Administrator in D:\IdeaProjects\SpringBoot-All)
2017-08-08 17:39:04.969  INFO 30800 --- [main] c.j.manual.SpringBootRedisApplication    : No active profile set, falling back to default profiles: default
2017-08-08 17:39:05.219  INFO 30800 --- [main] ationConfigEmbeddedWebApplicationContext : Refreshing org.springframework.boot.context.embedded.AnnotationConfigEmbeddedWebApplicationContext@32ccc5: startup date [Tue Aug 08 17:39:05 CST 2017]; root of context hierarchy
2017-08-08 17:39:07.281  INFO 30800 --- [main] .s.d.r.c.RepositoryConfigurationDelegate : Multiple Spring Data modules found, entering strict repository configuration mode!
2017-08-08 17:39:09.748  INFO 30800 --- [main] s.b.c.e.t.TomcatEmbeddedServletContainer : Tomcat initialized with port(s): 8890 (http)
2017-08-08 17:39:09.781  INFO 30800 --- [main] o.apache.catalina.core.StandardService   : Starting service [Tomcat]
2017-08-08 17:39:09.784  INFO 30800 --- [main] org.apache.catalina.core.StandardEngine  : Starting Servlet Engine: Apache Tomcat/8.5.16
2017-08-08 17:39:10.093  INFO 30800 --- [localhost-startStop-1] o.a.c.c.C.[Tomcat].[localhost].[/]       : Initializing Spring embedded WebApplicationContext
2017-08-08 17:39:10.094  INFO 30800 --- [localhost-startStop-1] o.s.web.context.ContextLoader            : Root WebApplicationContext: initialization completed in 4883 ms
2017-08-08 17:39:10.552  INFO 30800 --- [localhost-startStop-1] o.s.b.w.servlet.ServletRegistrationBean  : Mapping servlet: 'dispatcherServlet' to [/]
2017-08-08 17:39:10.563  INFO 30800 --- [localhost-startStop-1] o.s.b.w.servlet.FilterRegistrationBean   : Mapping filter: 'characterEncodingFilter' to: [/*]
2017-08-08 17:39:10.564  INFO 30800 --- [localhost-startStop-1] o.s.b.w.servlet.FilterRegistrationBean   : Mapping filter: 'hiddenHttpMethodFilter' to: [/*]
2017-08-08 17:39:10.565  INFO 30800 --- [localhost-startStop-1] o.s.b.w.servlet.FilterRegistrationBean   : Mapping filter: 'httpPutFormContentFilter' to: [/*]
2017-08-08 17:39:10.565  INFO 30800 --- [localhost-startStop-1] o.s.b.w.servlet.FilterRegistrationBean   : Mapping filter: 'requestContextFilter' to: [/*]
2017-08-08 17:39:11.647  INFO 30800 --- [main] s.w.s.m.m.a.RequestMappingHandlerAdapter : Looking for @ControllerAdvice: org.springframework.boot.context.embedded.AnnotationConfigEmbeddedWebApplicationContext@32ccc5: startup date [Tue Aug 08 17:39:05 CST 2017]; root of context hierarchy
2017-08-08 17:39:11.854  INFO 30800 --- [main] s.w.s.m.m.a.RequestMappingHandlerMapping : Mapped "{[/error]}" onto public org.springframework.http.ResponseEntity<java.util.Map<java.lang.String, java.lang.Object>> org.springframework.boot.autoconfigure.web.BasicErrorController.error(javax.servlet.http.HttpServletRequest)
2017-08-08 17:39:11.873  INFO 30800 --- [main] s.w.s.m.m.a.RequestMappingHandlerMapping : Mapped "{[/error],produces=[text/html]}" onto public org.springframework.web.servlet.ModelAndView org.springframework.boot.autoconfigure.web.BasicErrorController.errorHtml(javax.servlet.http.HttpServletRequest,javax.servlet.http.HttpServletResponse)
2017-08-08 17:39:11.962  INFO 30800 --- [main] o.s.w.s.handler.SimpleUrlHandlerMapping  : Mapped URL path [/webjars/**] onto handler of type [class org.springframework.web.servlet.resource.ResourceHttpRequestHandler]
2017-08-08 17:39:11.963  INFO 30800 --- [main] o.s.w.s.handler.SimpleUrlHandlerMapping  : Mapped URL path [/**] onto handler of type [class org.springframework.web.servlet.resource.ResourceHttpRequestHandler]
2017-08-08 17:39:12.092  INFO 30800 --- [main] o.s.w.s.handler.SimpleUrlHandlerMapping  : Mapped URL path [/**/favicon.ico] onto handler of type [class org.springframework.web.servlet.resource.ResourceHttpRequestHandler]
2017-08-08 17:39:13.242  INFO 30800 --- [main] o.s.j.e.a.AnnotationMBeanExporter        : Registering beans for JMX exposure on startup
2017-08-08 17:39:13.405  INFO 30800 --- [main] s.b.c.e.t.TomcatEmbeddedServletContainer : Tomcat started on port(s): 8890 (http)
2017-08-08 17:39:13.415  INFO 30800 --- [main] c.j.manual.SpringBootRedisApplication    : Started SpringBootRedisApplication in 9.923 seconds (JVM running for 11.189)
2017-08-08 17:39:13.416  INFO 30800 --- [main] c.j.manual.SpringBootRedisApplication    : Access URLs:
----------------------------------------------------------
	Local: 		 http://127.0.0.1:8890 
	External: 	 http://192.168.0.103:8890 
----------------------------------------------------------
2017-08-08 17:41:16.147  INFO 27068 --- [main] c.j.manual.SpringBootRedisApplication    : Starting SpringBootRedisApplication on IALVL7WUZ03NKVO with PID 27068 (D:\IdeaProjects\SpringBoot-All\redis\target\classes started by Administrator in D:\IdeaProjects\SpringBoot-All)
2017-08-08 17:41:16.156  INFO 27068 --- [main] c.j.manual.SpringBootRedisApplication    : No active profile set, falling back to default profiles: default
2017-08-08 17:41:16.365  INFO 27068 --- [main] ationConfigEmbeddedWebApplicationContext : Refreshing org.springframework.boot.context.embedded.AnnotationConfigEmbeddedWebApplicationContext@8741cb: startup date [Tue Aug 08 17:41:16 CST 2017]; root of context hierarchy
2017-08-08 17:41:18.655  INFO 27068 --- [main] .s.d.r.c.RepositoryConfigurationDelegate : Multiple Spring Data modules found, entering strict repository configuration mode!
2017-08-08 17:41:21.265  INFO 27068 --- [main] s.b.c.e.t.TomcatEmbeddedServletContainer : Tomcat initialized with port(s): 8890 (http)
2017-08-08 17:41:21.296  INFO 27068 --- [main] o.apache.catalina.core.StandardService   : Starting service [Tomcat]
2017-08-08 17:41:21.299  INFO 27068 --- [main] org.apache.catalina.core.StandardEngine  : Starting Servlet Engine: Apache Tomcat/8.5.16
2017-08-08 17:41:21.620  INFO 27068 --- [localhost-startStop-1] o.a.c.c.C.[Tomcat].[localhost].[/]       : Initializing Spring embedded WebApplicationContext
2017-08-08 17:41:21.621  INFO 27068 --- [localhost-startStop-1] o.s.web.context.ContextLoader            : Root WebApplicationContext: initialization completed in 5264 ms
2017-08-08 17:41:22.152  INFO 27068 --- [localhost-startStop-1] o.s.b.w.servlet.ServletRegistrationBean  : Mapping servlet: 'dispatcherServlet' to [/]
2017-08-08 17:41:22.165  INFO 27068 --- [localhost-startStop-1] o.s.b.w.servlet.FilterRegistrationBean   : Mapping filter: 'characterEncodingFilter' to: [/*]
2017-08-08 17:41:22.167  INFO 27068 --- [localhost-startStop-1] o.s.b.w.servlet.FilterRegistrationBean   : Mapping filter: 'hiddenHttpMethodFilter' to: [/*]
2017-08-08 17:41:22.167  INFO 27068 --- [localhost-startStop-1] o.s.b.w.servlet.FilterRegistrationBean   : Mapping filter: 'httpPutFormContentFilter' to: [/*]
2017-08-08 17:41:22.168  INFO 27068 --- [localhost-startStop-1] o.s.b.w.servlet.FilterRegistrationBean   : Mapping filter: 'requestContextFilter' to: [/*]
2017-08-08 17:41:22.322  WARN 27068 --- [main] ationConfigEmbeddedWebApplicationContext : Exception encountered during context initialization - cancelling refresh attempt: org.springframework.beans.factory.UnsatisfiedDependencyException: Error creating bean with name 'myStartupRunner1': Unsatisfied dependency expressed through field 'jedisPool'; nested exception is org.springframework.beans.factory.NoSuchBeanDefinitionException: No qualifying bean of type 'redis.clients.jedis.JedisPool' available: expected at least 1 bean which qualifies as autowire candidate. Dependency annotations: {@org.springframework.beans.factory.annotation.Autowired(required=true)}
2017-08-08 17:41:22.330  INFO 27068 --- [main] o.apache.catalina.core.StandardService   : Stopping service [Tomcat]
2017-08-08 17:41:22.369  INFO 27068 --- [main] utoConfigurationReportLoggingInitializer : 

Error starting ApplicationContext. To display the auto-configuration report re-run your application with 'debug' enabled.
2017-08-08 17:41:22.686 ERROR 27068 --- [main] o.s.b.d.LoggingFailureAnalysisReporter   : 

***************************
APPLICATION FAILED TO START
***************************

Description:

Field jedisPool in com.java.manual.MyStartupRunner1 required a bean of type 'redis.clients.jedis.JedisPool' that could not be found.


Action:

Consider defining a bean of type 'redis.clients.jedis.JedisPool' in your configuration.

2017-08-08 17:43:28.005  INFO 30748 --- [main] c.j.manual.SpringBootRedisApplication    : Starting SpringBootRedisApplication on IALVL7WUZ03NKVO with PID 30748 (D:\IdeaProjects\SpringBoot-All\redis\target\classes started by Administrator in D:\IdeaProjects\SpringBoot-All)
2017-08-08 17:43:28.019  INFO 30748 --- [main] c.j.manual.SpringBootRedisApplication    : No active profile set, falling back to default profiles: default
2017-08-08 17:43:28.271  INFO 30748 --- [main] ationConfigEmbeddedWebApplicationContext : Refreshing org.springframework.boot.context.embedded.AnnotationConfigEmbeddedWebApplicationContext@1518b32: startup date [Tue Aug 08 17:43:28 CST 2017]; root of context hierarchy
2017-08-08 17:43:30.254  INFO 30748 --- [main] o.s.b.f.s.DefaultListableBeanFactory     : Overriding bean definition for bean 'myStartupRunner1' with a different definition: replacing [Generic bean: class [com.java.manual.MyStartupRunner1]; scope=singleton; abstract=false; lazyInit=false; autowireMode=0; dependencyCheck=0; autowireCandidate=true; primary=false; factoryBeanName=null; factoryMethodName=null; initMethodName=null; destroyMethodName=null; defined in file [D:\IdeaProjects\SpringBoot-All\redis\target\classes\com\java\manual\MyStartupRunner1.class]] with [Root bean: class [null]; scope=; abstract=false; lazyInit=false; autowireMode=3; dependencyCheck=0; autowireCandidate=true; primary=false; factoryBeanName=springBootRedisApplication; factoryMethodName=myStartupRunner1; initMethodName=null; destroyMethodName=(inferred); defined in com.java.manual.SpringBootRedisApplication]
2017-08-08 17:43:30.829  INFO 30748 --- [main] .s.d.r.c.RepositoryConfigurationDelegate : Multiple Spring Data modules found, entering strict repository configuration mode!
2017-08-08 17:43:33.295  INFO 30748 --- [main] s.b.c.e.t.TomcatEmbeddedServletContainer : Tomcat initialized with port(s): 8890 (http)
2017-08-08 17:43:33.320  INFO 30748 --- [main] o.apache.catalina.core.StandardService   : Starting service [Tomcat]
2017-08-08 17:43:33.324  INFO 30748 --- [main] org.apache.catalina.core.StandardEngine  : Starting Servlet Engine: Apache Tomcat/8.5.16
2017-08-08 17:43:33.639  INFO 30748 --- [localhost-startStop-1] o.a.c.c.C.[Tomcat].[localhost].[/]       : Initializing Spring embedded WebApplicationContext
2017-08-08 17:43:33.639  INFO 30748 --- [localhost-startStop-1] o.s.web.context.ContextLoader            : Root WebApplicationContext: initialization completed in 5377 ms
2017-08-08 17:43:34.144  INFO 30748 --- [localhost-startStop-1] o.s.b.w.servlet.ServletRegistrationBean  : Mapping servlet: 'dispatcherServlet' to [/]
2017-08-08 17:43:34.159  INFO 30748 --- [localhost-startStop-1] o.s.b.w.servlet.FilterRegistrationBean   : Mapping filter: 'characterEncodingFilter' to: [/*]
2017-08-08 17:43:34.161  INFO 30748 --- [localhost-startStop-1] o.s.b.w.servlet.FilterRegistrationBean   : Mapping filter: 'hiddenHttpMethodFilter' to: [/*]
2017-08-08 17:43:34.162  INFO 30748 --- [localhost-startStop-1] o.s.b.w.servlet.FilterRegistrationBean   : Mapping filter: 'httpPutFormContentFilter' to: [/*]
2017-08-08 17:43:34.163  INFO 30748 --- [localhost-startStop-1] o.s.b.w.servlet.FilterRegistrationBean   : Mapping filter: 'requestContextFilter' to: [/*]
2017-08-08 17:43:34.302  WARN 30748 --- [main] ationConfigEmbeddedWebApplicationContext : Exception encountered during context initialization - cancelling refresh attempt: org.springframework.beans.factory.UnsatisfiedDependencyException: Error creating bean with name 'myStartupRunner1': Unsatisfied dependency expressed through field 'jedisPool'; nested exception is org.springframework.beans.factory.UnsatisfiedDependencyException: Error creating bean with name 'jedisPool' defined in com.java.manual.SpringBootRedisApplication: Unsatisfied dependency expressed through method 'jedisPool' parameter 0; nested exception is org.springframework.beans.factory.NoSuchBeanDefinitionException: No qualifying bean of type 'redis.clients.jedis.JedisPoolConfig' available: expected at least 1 bean which qualifies as autowire candidate. Dependency annotations: {@org.springframework.beans.factory.annotation.Qualifier(value=jedis.config)}
2017-08-08 17:43:34.309  INFO 30748 --- [main] o.apache.catalina.core.StandardService   : Stopping service [Tomcat]
2017-08-08 17:43:34.337  INFO 30748 --- [main] utoConfigurationReportLoggingInitializer : 

Error starting ApplicationContext. To display the auto-configuration report re-run your application with 'debug' enabled.
2017-08-08 17:43:34.758 ERROR 30748 --- [main] o.s.b.d.LoggingFailureAnalysisReporter   : 

***************************
APPLICATION FAILED TO START
***************************

Description:

Parameter 0 of method jedisPool in com.java.manual.SpringBootRedisApplication required a bean of type 'redis.clients.jedis.JedisPoolConfig' that could not be found.


Action:

Consider defining a bean of type 'redis.clients.jedis.JedisPoolConfig' in your configuration.

2017-08-08 17:45:27.352  INFO 32964 --- [main] c.j.manual.SpringBootRedisApplication    : Starting SpringBootRedisApplication on IALVL7WUZ03NKVO with PID 32964 (D:\IdeaProjects\SpringBoot-All\redis\target\classes started by Administrator in D:\IdeaProjects\SpringBoot-All)
2017-08-08 17:45:27.366  INFO 32964 --- [main] c.j.manual.SpringBootRedisApplication    : No active profile set, falling back to default profiles: default
2017-08-08 17:45:27.623  INFO 32964 --- [main] ationConfigEmbeddedWebApplicationContext : Refreshing org.springframework.boot.context.embedded.AnnotationConfigEmbeddedWebApplicationContext@1d6fd0a: startup date [Tue Aug 08 17:45:27 CST 2017]; root of context hierarchy
2017-08-08 17:45:29.245  INFO 32964 --- [main] o.s.b.f.s.DefaultListableBeanFactory     : Overriding bean definition for bean 'myStartupRunner1' with a different definition: replacing [Generic bean: class [com.java.manual.MyStartupRunner1]; scope=singleton; abstract=false; lazyInit=false; autowireMode=0; dependencyCheck=0; autowireCandidate=true; primary=false; factoryBeanName=null; factoryMethodName=null; initMethodName=null; destroyMethodName=null; defined in file [D:\IdeaProjects\SpringBoot-All\redis\target\classes\com\java\manual\MyStartupRunner1.class]] with [Root bean: class [null]; scope=; abstract=false; lazyInit=false; autowireMode=3; dependencyCheck=0; autowireCandidate=true; primary=false; factoryBeanName=springBootRedisApplication; factoryMethodName=myStartupRunner1; initMethodName=null; destroyMethodName=(inferred); defined in com.java.manual.SpringBootRedisApplication]
2017-08-08 17:45:29.691  INFO 32964 --- [main] .s.d.r.c.RepositoryConfigurationDelegate : Multiple Spring Data modules found, entering strict repository configuration mode!
2017-08-08 17:45:32.149  INFO 32964 --- [main] s.b.c.e.t.TomcatEmbeddedServletContainer : Tomcat initialized with port(s): 8890 (http)
2017-08-08 17:45:32.178  INFO 32964 --- [main] o.apache.catalina.core.StandardService   : Starting service [Tomcat]
2017-08-08 17:45:32.181  INFO 32964 --- [main] org.apache.catalina.core.StandardEngine  : Starting Servlet Engine: Apache Tomcat/8.5.16
2017-08-08 17:45:32.481  INFO 32964 --- [localhost-startStop-1] o.a.c.c.C.[Tomcat].[localhost].[/]       : Initializing Spring embedded WebApplicationContext
2017-08-08 17:45:32.482  INFO 32964 --- [localhost-startStop-1] o.s.web.context.ContextLoader            : Root WebApplicationContext: initialization completed in 4882 ms
2017-08-08 17:45:32.968  INFO 32964 --- [localhost-startStop-1] o.s.b.w.servlet.ServletRegistrationBean  : Mapping servlet: 'dispatcherServlet' to [/]
2017-08-08 17:45:32.981  INFO 32964 --- [localhost-startStop-1] o.s.b.w.servlet.FilterRegistrationBean   : Mapping filter: 'characterEncodingFilter' to: [/*]
2017-08-08 17:45:32.982  INFO 32964 --- [localhost-startStop-1] o.s.b.w.servlet.FilterRegistrationBean   : Mapping filter: 'hiddenHttpMethodFilter' to: [/*]
2017-08-08 17:45:32.983  INFO 32964 --- [localhost-startStop-1] o.s.b.w.servlet.FilterRegistrationBean   : Mapping filter: 'httpPutFormContentFilter' to: [/*]
2017-08-08 17:45:32.983  INFO 32964 --- [localhost-startStop-1] o.s.b.w.servlet.FilterRegistrationBean   : Mapping filter: 'requestContextFilter' to: [/*]
2017-08-08 17:45:34.093  INFO 32964 --- [main] s.w.s.m.m.a.RequestMappingHandlerAdapter : Looking for @ControllerAdvice: org.springframework.boot.context.embedded.AnnotationConfigEmbeddedWebApplicationContext@1d6fd0a: startup date [Tue Aug 08 17:45:27 CST 2017]; root of context hierarchy
2017-08-08 17:45:34.329  INFO 32964 --- [main] s.w.s.m.m.a.RequestMappingHandlerMapping : Mapped "{[/error]}" onto public org.springframework.http.ResponseEntity<java.util.Map<java.lang.String, java.lang.Object>> org.springframework.boot.autoconfigure.web.BasicErrorController.error(javax.servlet.http.HttpServletRequest)
2017-08-08 17:45:34.331  INFO 32964 --- [main] s.w.s.m.m.a.RequestMappingHandlerMapping : Mapped "{[/error],produces=[text/html]}" onto public org.springframework.web.servlet.ModelAndView org.springframework.boot.autoconfigure.web.BasicErrorController.errorHtml(javax.servlet.http.HttpServletRequest,javax.servlet.http.HttpServletResponse)
2017-08-08 17:45:34.431  INFO 32964 --- [main] o.s.w.s.handler.SimpleUrlHandlerMapping  : Mapped URL path [/webjars/**] onto handler of type [class org.springframework.web.servlet.resource.ResourceHttpRequestHandler]
2017-08-08 17:45:34.431  INFO 32964 --- [main] o.s.w.s.handler.SimpleUrlHandlerMapping  : Mapped URL path [/**] onto handler of type [class org.springframework.web.servlet.resource.ResourceHttpRequestHandler]
2017-08-08 17:45:34.566  INFO 32964 --- [main] o.s.w.s.handler.SimpleUrlHandlerMapping  : Mapped URL path [/**/favicon.ico] onto handler of type [class org.springframework.web.servlet.resource.ResourceHttpRequestHandler]
2017-08-08 17:45:35.690  INFO 32964 --- [main] o.s.j.e.a.AnnotationMBeanExporter        : Registering beans for JMX exposure on startup
2017-08-08 17:45:35.866  INFO 32964 --- [main] s.b.c.e.t.TomcatEmbeddedServletContainer : Tomcat started on port(s): 8890 (http)
2017-08-08 17:45:35.900  INFO 32964 --- [main] c.j.manual.SpringBootRedisApplication    : Started SpringBootRedisApplication in 10.084 seconds (JVM running for 11.531)
2017-08-08 17:45:35.902  INFO 32964 --- [main] c.j.manual.SpringBootRedisApplication    : Access URLs:
----------------------------------------------------------
	Local: 		 http://127.0.0.1:8890 
	External: 	 http://192.168.0.103:8890 
----------------------------------------------------------
2017-08-08 17:46:59.911  INFO 33260 --- [main] c.j.manual.SpringBootRedisApplication    : Starting SpringBootRedisApplication on IALVL7WUZ03NKVO with PID 33260 (D:\IdeaProjects\SpringBoot-All\redis\target\classes started by Administrator in D:\IdeaProjects\SpringBoot-All)
2017-08-08 17:46:59.921  INFO 33260 --- [main] c.j.manual.SpringBootRedisApplication    : No active profile set, falling back to default profiles: default
2017-08-08 17:47:00.130  INFO 33260 --- [main] ationConfigEmbeddedWebApplicationContext : Refreshing org.springframework.boot.context.embedded.AnnotationConfigEmbeddedWebApplicationContext@1d6fd0a: startup date [Tue Aug 08 17:47:00 CST 2017]; root of context hierarchy
2017-08-08 17:47:01.749  INFO 33260 --- [main] o.s.b.f.s.DefaultListableBeanFactory     : Overriding bean definition for bean 'myStartupRunner1' with a different definition: replacing [Generic bean: class [com.java.manual.MyStartupRunner1]; scope=singleton; abstract=false; lazyInit=false; autowireMode=0; dependencyCheck=0; autowireCandidate=true; primary=false; factoryBeanName=null; factoryMethodName=null; initMethodName=null; destroyMethodName=null; defined in file [D:\IdeaProjects\SpringBoot-All\redis\target\classes\com\java\manual\MyStartupRunner1.class]] with [Root bean: class [null]; scope=; abstract=false; lazyInit=false; autowireMode=3; dependencyCheck=0; autowireCandidate=true; primary=false; factoryBeanName=springBootRedisApplication; factoryMethodName=myStartupRunner1; initMethodName=null; destroyMethodName=(inferred); defined in com.java.manual.SpringBootRedisApplication]
2017-08-08 17:47:02.270  INFO 33260 --- [main] .s.d.r.c.RepositoryConfigurationDelegate : Multiple Spring Data modules found, entering strict repository configuration mode!
2017-08-08 17:47:05.091  INFO 33260 --- [main] s.b.c.e.t.TomcatEmbeddedServletContainer : Tomcat initialized with port(s): 8890 (http)
2017-08-08 17:47:05.128  INFO 33260 --- [main] o.apache.catalina.core.StandardService   : Starting service [Tomcat]
2017-08-08 17:47:05.132  INFO 33260 --- [main] org.apache.catalina.core.StandardEngine  : Starting Servlet Engine: Apache Tomcat/8.5.16
2017-08-08 17:47:05.473  INFO 33260 --- [localhost-startStop-1] o.a.c.c.C.[Tomcat].[localhost].[/]       : Initializing Spring embedded WebApplicationContext
2017-08-08 17:47:05.475  INFO 33260 --- [localhost-startStop-1] o.s.web.context.ContextLoader            : Root WebApplicationContext: initialization completed in 5358 ms
2017-08-08 17:47:06.029  INFO 33260 --- [localhost-startStop-1] o.s.b.w.servlet.ServletRegistrationBean  : Mapping servlet: 'dispatcherServlet' to [/]
2017-08-08 17:47:06.040  INFO 33260 --- [localhost-startStop-1] o.s.b.w.servlet.FilterRegistrationBean   : Mapping filter: 'characterEncodingFilter' to: [/*]
2017-08-08 17:47:06.042  INFO 33260 --- [localhost-startStop-1] o.s.b.w.servlet.FilterRegistrationBean   : Mapping filter: 'hiddenHttpMethodFilter' to: [/*]
2017-08-08 17:47:06.042  INFO 33260 --- [localhost-startStop-1] o.s.b.w.servlet.FilterRegistrationBean   : Mapping filter: 'httpPutFormContentFilter' to: [/*]
2017-08-08 17:47:06.043  INFO 33260 --- [localhost-startStop-1] o.s.b.w.servlet.FilterRegistrationBean   : Mapping filter: 'requestContextFilter' to: [/*]
2017-08-08 17:47:07.720  INFO 33260 --- [main] s.w.s.m.m.a.RequestMappingHandlerAdapter : Looking for @ControllerAdvice: org.springframework.boot.context.embedded.AnnotationConfigEmbeddedWebApplicationContext@1d6fd0a: startup date [Tue Aug 08 17:47:00 CST 2017]; root of context hierarchy
2017-08-08 17:47:08.029  INFO 33260 --- [main] s.w.s.m.m.a.RequestMappingHandlerMapping : Mapped "{[/error]}" onto public org.springframework.http.ResponseEntity<java.util.Map<java.lang.String, java.lang.Object>> org.springframework.boot.autoconfigure.web.BasicErrorController.error(javax.servlet.http.HttpServletRequest)
2017-08-08 17:47:08.032  INFO 33260 --- [main] s.w.s.m.m.a.RequestMappingHandlerMapping : Mapped "{[/error],produces=[text/html]}" onto public org.springframework.web.servlet.ModelAndView org.springframework.boot.autoconfigure.web.BasicErrorController.errorHtml(javax.servlet.http.HttpServletRequest,javax.servlet.http.HttpServletResponse)
2017-08-08 17:47:08.180  INFO 33260 --- [main] o.s.w.s.handler.SimpleUrlHandlerMapping  : Mapped URL path [/webjars/**] onto handler of type [class org.springframework.web.servlet.resource.ResourceHttpRequestHandler]
2017-08-08 17:47:08.180  INFO 33260 --- [main] o.s.w.s.handler.SimpleUrlHandlerMapping  : Mapped URL path [/**] onto handler of type [class org.springframework.web.servlet.resource.ResourceHttpRequestHandler]
2017-08-08 17:47:08.321  INFO 33260 --- [main] o.s.w.s.handler.SimpleUrlHandlerMapping  : Mapped URL path [/**/favicon.ico] onto handler of type [class org.springframework.web.servlet.resource.ResourceHttpRequestHandler]
2017-08-08 17:47:09.749  INFO 33260 --- [main] o.s.j.e.a.AnnotationMBeanExporter        : Registering beans for JMX exposure on startup
2017-08-08 17:47:09.915  INFO 33260 --- [main] s.b.c.e.t.TomcatEmbeddedServletContainer : Tomcat started on port(s): 8890 (http)
2017-08-08 17:47:10.004  INFO 33260 --- [main] com.java.manual.Subscribe                : Subscribe-onPSubscribe>>>>>>>>>>>>>>>>>>>>>>>>user/actives/*=1
2017-08-08 17:49:30.891  INFO 33168 --- [main] c.j.manual.SpringBootRedisApplication    : Starting SpringBootRedisApplication on IALVL7WUZ03NKVO with PID 33168 (D:\IdeaProjects\SpringBoot-All\redis\target\classes started by Administrator in D:\IdeaProjects\SpringBoot-All)
2017-08-08 17:49:30.904  INFO 33168 --- [main] c.j.manual.SpringBootRedisApplication    : No active profile set, falling back to default profiles: default
2017-08-08 17:49:31.124  INFO 33168 --- [main] ationConfigEmbeddedWebApplicationContext : Refreshing org.springframework.boot.context.embedded.AnnotationConfigEmbeddedWebApplicationContext@1d6fd0a: startup date [Tue Aug 08 17:49:31 CST 2017]; root of context hierarchy
2017-08-08 17:49:32.872  INFO 33168 --- [main] o.s.b.f.s.DefaultListableBeanFactory     : Overriding bean definition for bean 'myStartupRunner1' with a different definition: replacing [Generic bean: class [com.java.manual.MyStartupRunner1]; scope=singleton; abstract=false; lazyInit=false; autowireMode=0; dependencyCheck=0; autowireCandidate=true; primary=false; factoryBeanName=null; factoryMethodName=null; initMethodName=null; destroyMethodName=null; defined in file [D:\IdeaProjects\SpringBoot-All\redis\target\classes\com\java\manual\MyStartupRunner1.class]] with [Root bean: class [null]; scope=; abstract=false; lazyInit=false; autowireMode=3; dependencyCheck=0; autowireCandidate=true; primary=false; factoryBeanName=springBootRedisApplication; factoryMethodName=myStartupRunner1; initMethodName=null; destroyMethodName=(inferred); defined in com.java.manual.SpringBootRedisApplication]
2017-08-08 17:49:33.292  INFO 33168 --- [main] .s.d.r.c.RepositoryConfigurationDelegate : Multiple Spring Data modules found, entering strict repository configuration mode!
2017-08-08 17:49:35.638  INFO 33168 --- [main] s.b.c.e.t.TomcatEmbeddedServletContainer : Tomcat initialized with port(s): 8890 (http)
2017-08-08 17:49:35.663  INFO 33168 --- [main] o.apache.catalina.core.StandardService   : Starting service [Tomcat]
2017-08-08 17:49:35.665  INFO 33168 --- [main] org.apache.catalina.core.StandardEngine  : Starting Servlet Engine: Apache Tomcat/8.5.16
2017-08-08 17:49:35.995  INFO 33168 --- [localhost-startStop-1] o.a.c.c.C.[Tomcat].[localhost].[/]       : Initializing Spring embedded WebApplicationContext
2017-08-08 17:49:35.996  INFO 33168 --- [localhost-startStop-1] o.s.web.context.ContextLoader            : Root WebApplicationContext: initialization completed in 4883 ms
2017-08-08 17:49:36.502  INFO 33168 --- [localhost-startStop-1] o.s.b.w.servlet.ServletRegistrationBean  : Mapping servlet: 'dispatcherServlet' to [/]
2017-08-08 17:49:36.514  INFO 33168 --- [localhost-startStop-1] o.s.b.w.servlet.FilterRegistrationBean   : Mapping filter: 'characterEncodingFilter' to: [/*]
2017-08-08 17:49:36.516  INFO 33168 --- [localhost-startStop-1] o.s.b.w.servlet.FilterRegistrationBean   : Mapping filter: 'hiddenHttpMethodFilter' to: [/*]
2017-08-08 17:49:36.516  INFO 33168 --- [localhost-startStop-1] o.s.b.w.servlet.FilterRegistrationBean   : Mapping filter: 'httpPutFormContentFilter' to: [/*]
2017-08-08 17:49:36.517  INFO 33168 --- [localhost-startStop-1] o.s.b.w.servlet.FilterRegistrationBean   : Mapping filter: 'requestContextFilter' to: [/*]
2017-08-08 17:49:37.893  INFO 33168 --- [main] s.w.s.m.m.a.RequestMappingHandlerAdapter : Looking for @ControllerAdvice: org.springframework.boot.context.embedded.AnnotationConfigEmbeddedWebApplicationContext@1d6fd0a: startup date [Tue Aug 08 17:49:31 CST 2017]; root of context hierarchy
2017-08-08 17:49:38.136  INFO 33168 --- [main] s.w.s.m.m.a.RequestMappingHandlerMapping : Mapped "{[/error]}" onto public org.springframework.http.ResponseEntity<java.util.Map<java.lang.String, java.lang.Object>> org.springframework.boot.autoconfigure.web.BasicErrorController.error(javax.servlet.http.HttpServletRequest)
2017-08-08 17:49:38.138  INFO 33168 --- [main] s.w.s.m.m.a.RequestMappingHandlerMapping : Mapped "{[/error],produces=[text/html]}" onto public org.springframework.web.servlet.ModelAndView org.springframework.boot.autoconfigure.web.BasicErrorController.errorHtml(javax.servlet.http.HttpServletRequest,javax.servlet.http.HttpServletResponse)
2017-08-08 17:49:38.214  INFO 33168 --- [main] o.s.w.s.handler.SimpleUrlHandlerMapping  : Mapped URL path [/webjars/**] onto handler of type [class org.springframework.web.servlet.resource.ResourceHttpRequestHandler]
2017-08-08 17:49:38.214  INFO 33168 --- [main] o.s.w.s.handler.SimpleUrlHandlerMapping  : Mapped URL path [/**] onto handler of type [class org.springframework.web.servlet.resource.ResourceHttpRequestHandler]
2017-08-08 17:49:38.370  INFO 33168 --- [main] o.s.w.s.handler.SimpleUrlHandlerMapping  : Mapped URL path [/**/favicon.ico] onto handler of type [class org.springframework.web.servlet.resource.ResourceHttpRequestHandler]
2017-08-08 17:49:39.437  INFO 33168 --- [main] o.s.j.e.a.AnnotationMBeanExporter        : Registering beans for JMX exposure on startup
2017-08-08 17:49:39.614  INFO 33168 --- [main] s.b.c.e.t.TomcatEmbeddedServletContainer : Tomcat started on port(s): 8890 (http)
2017-08-08 17:49:39.679  INFO 33168 --- [main] com.java.manual.Subscribe                : Subscribe-onPSubscribe>>>>>>>>>>>>>>>>>>>>>>>>user/actives/*=1
2017-08-08 17:51:10.572  INFO 33168 --- [main] com.java.manual.Subscribe                : user/actives/*=user/actives/add=增加123466
2017-08-08 17:52:08.435  INFO 33168 --- [main] com.java.manual.Subscribe                : user/actives/*=user/actives/add=增加123466dsd
2017-08-08 17:59:39.608  INFO 33156 --- [main] c.j.manual.SpringBootRedisApplication    : Starting SpringBootRedisApplication on IALVL7WUZ03NKVO with PID 33156 (D:\IdeaProjects\SpringBoot-All\redis\target\classes started by Administrator in D:\IdeaProjects\SpringBoot-All)
2017-08-08 17:59:39.632  INFO 33156 --- [main] c.j.manual.SpringBootRedisApplication    : No active profile set, falling back to default profiles: default
2017-08-08 17:59:39.862  INFO 33156 --- [main] ationConfigEmbeddedWebApplicationContext : Refreshing org.springframework.boot.context.embedded.AnnotationConfigEmbeddedWebApplicationContext@56afaa: startup date [Tue Aug 08 17:59:39 CST 2017]; root of context hierarchy
2017-08-08 17:59:41.750  INFO 33156 --- [main] o.s.b.f.s.DefaultListableBeanFactory     : Overriding bean definition for bean 'myStartupRunner1' with a different definition: replacing [Generic bean: class [com.java.manual.MyStartupRunner1]; scope=singleton; abstract=false; lazyInit=false; autowireMode=0; dependencyCheck=0; autowireCandidate=true; primary=false; factoryBeanName=null; factoryMethodName=null; initMethodName=null; destroyMethodName=null; defined in file [D:\IdeaProjects\SpringBoot-All\redis\target\classes\com\java\manual\MyStartupRunner1.class]] with [Root bean: class [null]; scope=; abstract=false; lazyInit=false; autowireMode=3; dependencyCheck=0; autowireCandidate=true; primary=false; factoryBeanName=springBootRedisApplication; factoryMethodName=myStartupRunner1; initMethodName=null; destroyMethodName=(inferred); defined in com.java.manual.SpringBootRedisApplication]
2017-08-08 17:59:42.094  INFO 33156 --- [main] .s.d.r.c.RepositoryConfigurationDelegate : Multiple Spring Data modules found, entering strict repository configuration mode!
2017-08-08 17:59:44.439  INFO 33156 --- [main] s.b.c.e.t.TomcatEmbeddedServletContainer : Tomcat initialized with port(s): 8890 (http)
2017-08-08 17:59:44.470  INFO 33156 --- [main] o.apache.catalina.core.StandardService   : Starting service [Tomcat]
2017-08-08 17:59:44.472  INFO 33156 --- [main] org.apache.catalina.core.StandardEngine  : Starting Servlet Engine: Apache Tomcat/8.5.16
2017-08-08 17:59:44.864  INFO 33156 --- [localhost-startStop-1] o.a.c.c.C.[Tomcat].[localhost].[/]       : Initializing Spring embedded WebApplicationContext
2017-08-08 17:59:44.864  INFO 33156 --- [localhost-startStop-1] o.s.web.context.ContextLoader            : Root WebApplicationContext: initialization completed in 5020 ms
2017-08-08 17:59:45.543  INFO 33156 --- [localhost-startStop-1] o.s.b.w.servlet.ServletRegistrationBean  : Mapping servlet: 'dispatcherServlet' to [/]
2017-08-08 17:59:45.559  INFO 33156 --- [localhost-startStop-1] o.s.b.w.servlet.FilterRegistrationBean   : Mapping filter: 'characterEncodingFilter' to: [/*]
2017-08-08 17:59:45.561  INFO 33156 --- [localhost-startStop-1] o.s.b.w.servlet.FilterRegistrationBean   : Mapping filter: 'hiddenHttpMethodFilter' to: [/*]
2017-08-08 17:59:45.562  INFO 33156 --- [localhost-startStop-1] o.s.b.w.servlet.FilterRegistrationBean   : Mapping filter: 'httpPutFormContentFilter' to: [/*]
2017-08-08 17:59:45.563  INFO 33156 --- [localhost-startStop-1] o.s.b.w.servlet.FilterRegistrationBean   : Mapping filter: 'requestContextFilter' to: [/*]
2017-08-08 17:59:46.756  INFO 33156 --- [main] s.w.s.m.m.a.RequestMappingHandlerAdapter : Looking for @ControllerAdvice: org.springframework.boot.context.embedded.AnnotationConfigEmbeddedWebApplicationContext@56afaa: startup date [Tue Aug 08 17:59:39 CST 2017]; root of context hierarchy
2017-08-08 17:59:46.983  INFO 33156 --- [main] s.w.s.m.m.a.RequestMappingHandlerMapping : Mapped "{[/error]}" onto public org.springframework.http.ResponseEntity<java.util.Map<java.lang.String, java.lang.Object>> org.springframework.boot.autoconfigure.web.BasicErrorController.error(javax.servlet.http.HttpServletRequest)
2017-08-08 17:59:46.987  INFO 33156 --- [main] s.w.s.m.m.a.RequestMappingHandlerMapping : Mapped "{[/error],produces=[text/html]}" onto public org.springframework.web.servlet.ModelAndView org.springframework.boot.autoconfigure.web.BasicErrorController.errorHtml(javax.servlet.http.HttpServletRequest,javax.servlet.http.HttpServletResponse)
2017-08-08 17:59:47.091  INFO 33156 --- [main] o.s.w.s.handler.SimpleUrlHandlerMapping  : Mapped URL path [/webjars/**] onto handler of type [class org.springframework.web.servlet.resource.ResourceHttpRequestHandler]
2017-08-08 17:59:47.092  INFO 33156 --- [main] o.s.w.s.handler.SimpleUrlHandlerMapping  : Mapped URL path [/**] onto handler of type [class org.springframework.web.servlet.resource.ResourceHttpRequestHandler]
2017-08-08 17:59:47.191  INFO 33156 --- [main] o.s.w.s.handler.SimpleUrlHandlerMapping  : Mapped URL path [/**/favicon.ico] onto handler of type [class org.springframework.web.servlet.resource.ResourceHttpRequestHandler]
2017-08-08 17:59:48.381  INFO 33156 --- [main] o.s.j.e.a.AnnotationMBeanExporter        : Registering beans for JMX exposure on startup
2017-08-08 17:59:48.559  INFO 33156 --- [main] s.b.c.e.t.TomcatEmbeddedServletContainer : Tomcat started on port(s): 8890 (http)
2017-08-08 17:59:48.639  INFO 33156 --- [main] com.java.manual.Subscribe                : Subscribe-onPSubscribe>>>>>>>>>>>>>>>>>>>>>>>>user/actives/*=1
2017-08-08 17:59:48.639  INFO 33156 --- [main] com.java.manual.Subscribe                : Subscribe-onPSubscribe>>>>>>>>>>>>>>>>>>>>>>>>order/actives/*=2
2017-08-08 17:59:48.640  INFO 33156 --- [main] com.java.manual.Subscribe                : Subscribe-onPSubscribe>>>>>>>>>>>>>>>>>>>>>>>>product/actives/*=3
2017-08-08 18:04:23.500  INFO 31540 --- [main] c.j.manual.SpringBootRedisApplication    : Starting SpringBootRedisApplication on IALVL7WUZ03NKVO with PID 31540 (D:\IdeaProjects\SpringBoot-All\redis\target\classes started by Administrator in D:\IdeaProjects\SpringBoot-All)
2017-08-08 18:04:23.512  INFO 31540 --- [main] c.j.manual.SpringBootRedisApplication    : No active profile set, falling back to default profiles: default
2017-08-08 18:04:23.725  INFO 31540 --- [main] ationConfigEmbeddedWebApplicationContext : Refreshing org.springframework.boot.context.embedded.AnnotationConfigEmbeddedWebApplicationContext@24a577: startup date [Tue Aug 08 18:04:23 CST 2017]; root of context hierarchy
2017-08-08 18:04:25.782  INFO 31540 --- [main] .s.d.r.c.RepositoryConfigurationDelegate : Multiple Spring Data modules found, entering strict repository configuration mode!
2017-08-08 18:04:28.242  INFO 31540 --- [main] s.b.c.e.t.TomcatEmbeddedServletContainer : Tomcat initialized with port(s): 8890 (http)
2017-08-08 18:04:28.271  INFO 31540 --- [main] o.apache.catalina.core.StandardService   : Starting service [Tomcat]
2017-08-08 18:04:28.277  INFO 31540 --- [main] org.apache.catalina.core.StandardEngine  : Starting Servlet Engine: Apache Tomcat/8.5.16
2017-08-08 18:04:28.604  INFO 31540 --- [localhost-startStop-1] o.a.c.c.C.[Tomcat].[localhost].[/]       : Initializing Spring embedded WebApplicationContext
2017-08-08 18:04:28.605  INFO 31540 --- [localhost-startStop-1] o.s.web.context.ContextLoader            : Root WebApplicationContext: initialization completed in 4889 ms
2017-08-08 18:04:29.103  INFO 31540 --- [localhost-startStop-1] o.s.b.w.servlet.ServletRegistrationBean  : Mapping servlet: 'dispatcherServlet' to [/]
2017-08-08 18:04:29.115  INFO 31540 --- [localhost-startStop-1] o.s.b.w.servlet.FilterRegistrationBean   : Mapping filter: 'characterEncodingFilter' to: [/*]
2017-08-08 18:04:29.116  INFO 31540 --- [localhost-startStop-1] o.s.b.w.servlet.FilterRegistrationBean   : Mapping filter: 'hiddenHttpMethodFilter' to: [/*]
2017-08-08 18:04:29.117  INFO 31540 --- [localhost-startStop-1] o.s.b.w.servlet.FilterRegistrationBean   : Mapping filter: 'httpPutFormContentFilter' to: [/*]
2017-08-08 18:04:29.118  INFO 31540 --- [localhost-startStop-1] o.s.b.w.servlet.FilterRegistrationBean   : Mapping filter: 'requestContextFilter' to: [/*]
2017-08-08 18:04:30.293  INFO 31540 --- [main] s.w.s.m.m.a.RequestMappingHandlerAdapter : Looking for @ControllerAdvice: org.springframework.boot.context.embedded.AnnotationConfigEmbeddedWebApplicationContext@24a577: startup date [Tue Aug 08 18:04:23 CST 2017]; root of context hierarchy
2017-08-08 18:04:30.525  INFO 31540 --- [main] s.w.s.m.m.a.RequestMappingHandlerMapping : Mapped "{[/error]}" onto public org.springframework.http.ResponseEntity<java.util.Map<java.lang.String, java.lang.Object>> org.springframework.boot.autoconfigure.web.BasicErrorController.error(javax.servlet.http.HttpServletRequest)
2017-08-08 18:04:30.528  INFO 31540 --- [main] s.w.s.m.m.a.RequestMappingHandlerMapping : Mapped "{[/error],produces=[text/html]}" onto public org.springframework.web.servlet.ModelAndView org.springframework.boot.autoconfigure.web.BasicErrorController.errorHtml(javax.servlet.http.HttpServletRequest,javax.servlet.http.HttpServletResponse)
2017-08-08 18:04:30.612  INFO 31540 --- [main] o.s.w.s.handler.SimpleUrlHandlerMapping  : Mapped URL path [/webjars/**] onto handler of type [class org.springframework.web.servlet.resource.ResourceHttpRequestHandler]
2017-08-08 18:04:30.613  INFO 31540 --- [main] o.s.w.s.handler.SimpleUrlHandlerMapping  : Mapped URL path [/**] onto handler of type [class org.springframework.web.servlet.resource.ResourceHttpRequestHandler]
2017-08-08 18:04:30.761  INFO 31540 --- [main] o.s.w.s.handler.SimpleUrlHandlerMapping  : Mapped URL path [/**/favicon.ico] onto handler of type [class org.springframework.web.servlet.resource.ResourceHttpRequestHandler]
2017-08-08 18:04:31.859  INFO 31540 --- [main] o.s.j.e.a.AnnotationMBeanExporter        : Registering beans for JMX exposure on startup
2017-08-08 18:04:32.061  INFO 31540 --- [main] s.b.c.e.t.TomcatEmbeddedServletContainer : Tomcat started on port(s): 8890 (http)
2017-08-08 18:04:32.135  INFO 31540 --- [main] com.java.manual.Subscribe                : Subscribe-onPSubscribe>>>>>>>>>>>>>>>>>>>>>>>>user/actives/*=1
2017-08-08 18:04:32.136  INFO 31540 --- [main] com.java.manual.Subscribe                : Subscribe-onPSubscribe>>>>>>>>>>>>>>>>>>>>>>>>order/actives/*=2
2017-08-08 18:04:32.137  INFO 31540 --- [main] com.java.manual.Subscribe                : Subscribe-onPSubscribe>>>>>>>>>>>>>>>>>>>>>>>>product/actives/*=3
2017-08-08 18:08:55.265  INFO 31540 --- [main] com.java.manual.Subscribe                : user/actives/*=user/actives/add=增加123466dsd
2017-08-08 18:11:06.737  INFO 31540 --- [main] com.java.manual.Subscribe                : user/actives/*=user/actives/add={"number":30,"id":10,"type":"type"}
2017-08-09 09:27:12.298  INFO 8264 --- [main] c.j.manual.SpringBootRedisApplication    : Starting SpringBootRedisApplication on IALVL7WUZ03NKVO with PID 8264 (D:\IdeaProjects\SpringBoot-All\redis\target\classes started by Administrator in D:\IdeaProjects\SpringBoot-All)
2017-08-09 09:27:12.307  INFO 8264 --- [main] c.j.manual.SpringBootRedisApplication    : No active profile set, falling back to default profiles: default
2017-08-09 09:27:12.485  INFO 8264 --- [main] ationConfigEmbeddedWebApplicationContext : Refreshing org.springframework.boot.context.embedded.AnnotationConfigEmbeddedWebApplicationContext@92b6c6: startup date [Wed Aug 09 09:27:12 CST 2017]; root of context hierarchy
2017-08-09 09:27:14.218  INFO 8264 --- [main] .s.d.r.c.RepositoryConfigurationDelegate : Multiple Spring Data modules found, entering strict repository configuration mode!
2017-08-09 09:27:16.390  INFO 8264 --- [main] s.b.c.e.t.TomcatEmbeddedServletContainer : Tomcat initialized with port(s): 8890 (http)
2017-08-09 09:27:16.418  INFO 8264 --- [main] o.apache.catalina.core.StandardService   : Starting service [Tomcat]
2017-08-09 09:27:16.421  INFO 8264 --- [main] org.apache.catalina.core.StandardEngine  : Starting Servlet Engine: Apache Tomcat/8.5.16
2017-08-09 09:27:16.704  INFO 8264 --- [localhost-startStop-1] o.a.c.c.C.[Tomcat].[localhost].[/]       : Initializing Spring embedded WebApplicationContext
2017-08-09 09:27:16.705  INFO 8264 --- [localhost-startStop-1] o.s.web.context.ContextLoader            : Root WebApplicationContext: initialization completed in 4230 ms
2017-08-09 09:27:17.174  INFO 8264 --- [localhost-startStop-1] o.s.b.w.servlet.ServletRegistrationBean  : Mapping servlet: 'dispatcherServlet' to [/]
2017-08-09 09:27:17.185  INFO 8264 --- [localhost-startStop-1] o.s.b.w.servlet.FilterRegistrationBean   : Mapping filter: 'characterEncodingFilter' to: [/*]
2017-08-09 09:27:17.186  INFO 8264 --- [localhost-startStop-1] o.s.b.w.servlet.FilterRegistrationBean   : Mapping filter: 'hiddenHttpMethodFilter' to: [/*]
2017-08-09 09:27:17.186  INFO 8264 --- [localhost-startStop-1] o.s.b.w.servlet.FilterRegistrationBean   : Mapping filter: 'httpPutFormContentFilter' to: [/*]
2017-08-09 09:27:17.187  INFO 8264 --- [localhost-startStop-1] o.s.b.w.servlet.FilterRegistrationBean   : Mapping filter: 'requestContextFilter' to: [/*]
2017-08-09 09:27:18.478  INFO 8264 --- [main] s.w.s.m.m.a.RequestMappingHandlerAdapter : Looking for @ControllerAdvice: org.springframework.boot.context.embedded.AnnotationConfigEmbeddedWebApplicationContext@92b6c6: startup date [Wed Aug 09 09:27:12 CST 2017]; root of context hierarchy
2017-08-09 09:27:18.677  INFO 8264 --- [main] s.w.s.m.m.a.RequestMappingHandlerMapping : Mapped "{[/error]}" onto public org.springframework.http.ResponseEntity<java.util.Map<java.lang.String, java.lang.Object>> org.springframework.boot.autoconfigure.web.BasicErrorController.error(javax.servlet.http.HttpServletRequest)
2017-08-09 09:27:18.679  INFO 8264 --- [main] s.w.s.m.m.a.RequestMappingHandlerMapping : Mapped "{[/error],produces=[text/html]}" onto public org.springframework.web.servlet.ModelAndView org.springframework.boot.autoconfigure.web.BasicErrorController.errorHtml(javax.servlet.http.HttpServletRequest,javax.servlet.http.HttpServletResponse)
2017-08-09 09:27:18.757  INFO 8264 --- [main] o.s.w.s.handler.SimpleUrlHandlerMapping  : Mapped URL path [/webjars/**] onto handler of type [class org.springframework.web.servlet.resource.ResourceHttpRequestHandler]
2017-08-09 09:27:18.757  INFO 8264 --- [main] o.s.w.s.handler.SimpleUrlHandlerMapping  : Mapped URL path [/**] onto handler of type [class org.springframework.web.servlet.resource.ResourceHttpRequestHandler]
2017-08-09 09:27:18.871  INFO 8264 --- [main] o.s.w.s.handler.SimpleUrlHandlerMapping  : Mapped URL path [/**/favicon.ico] onto handler of type [class org.springframework.web.servlet.resource.ResourceHttpRequestHandler]
2017-08-09 09:27:19.819  INFO 8264 --- [main] o.s.j.e.a.AnnotationMBeanExporter        : Registering beans for JMX exposure on startup
2017-08-09 09:27:20.002  INFO 8264 --- [main] s.b.c.e.t.TomcatEmbeddedServletContainer : Tomcat started on port(s): 8890 (http)
2017-08-09 09:27:20.074  INFO 8264 --- [main] com.java.manual.Subscribe                : Subscribe-onPSubscribe>>>>>>>>>>>>>>>>>>>>>>>>user_*_*=1
2017-08-09 09:27:20.075  INFO 8264 --- [main] com.java.manual.Subscribe                : Subscribe-onPSubscribe>>>>>>>>>>>>>>>>>>>>>>>>order/actives/*=2
2017-08-09 09:27:20.075  INFO 8264 --- [main] com.java.manual.Subscribe                : Subscribe-onPSubscribe>>>>>>>>>>>>>>>>>>>>>>>>product/actives/*=3
2017-08-09 09:28:17.127  INFO 8264 --- [main] com.java.manual.Subscribe                : user_*_*=user_actives_add={"number":30,"id":10,"type":"type"}   ===   
